<?xml version="1.0" encoding="UTF-8"?>
<!-- Generated by org.testng.reporters.JUnitReportReporter -->
<testsuite hostname="POP-MAC-18.local" failures="0" tests="3" name="functionalTests.NewTest" time="6.464" errors="0" timestamp="22 Jun 2019 07:44:01 GMT" skipped="2">
  <testcase classname="functionalTests.NewTest" name="addEarphonesTocart" time="6.464"/>
  <testcase classname="functionalTests.NewTest" name="userSearchesaString">
    <skipped/>
  </testcase> <!-- userSearchesaString -->
  <testcase classname="functionalTests.NewTest" name="userlogin">
    <skipped/>
  </testcase> <!-- userlogin -->
</testsuite> <!-- functionalTests.NewTest -->
