<?xml version="1.0" encoding="UTF-8"?>
<!-- Generated by org.testng.reporters.JUnitReportReporter -->
<testsuite hostname="POP-MAC-18.local" failures="0" tests="2" name="functionalTests.NewTest" time="8.964" errors="0" timestamp="21 Jun 2019 21:44:56 GMT" skipped="1">
  <testcase classname="functionalTests.NewTest" name="userlogin" time="8.964"/>
  <testcase classname="functionalTests.NewTest" name="userSearchesaString">
    <skipped/>
  </testcase> <!-- userSearchesaString -->
</testsuite> <!-- functionalTests.NewTest -->
